<?xml version="1.0" encoding="UTF-8"?>
<!-- Generated by org.testng.reporters.JUnitReportReporter -->
<testsuite skipped="0" hostname="DESKTOP-CLU213B" name="lestersquare.AppiumTest" tests="2" failures="0" timestamp="2020-04-24T15:33:54 NZST" time="0.017" errors="0">
  <testcase name="IosApp" time="0.016" classname="lestersquare.AppiumTest"/>
  <system-out/>
  <testcase name="NativeAppAndroid" time="0.001" classname="lestersquare.AppiumTest"/>
  <system-out/>
</testsuite> <!-- lestersquare.AppiumTest -->
