<?xml version="1.0" encoding="UTF-8"?>
<!-- Generated by org.testng.reporters.JUnitReportReporter -->
<testsuite skipped="0" hostname="DESKTOP-CLU213B" name="lestersquare.SeleniumTest" tests="2" failures="0" timestamp="2020-04-24T15:25:40 NZST" time="0.010" errors="0">
  <testcase name="BrowserAutomation" time="0.010" classname="lestersquare.SeleniumTest"/>
  <system-out/>
  <testcase name="ElementsUi" time="0.000" classname="lestersquare.SeleniumTest"/>
  <system-out/>
</testsuite> <!-- lestersquare.SeleniumTest -->
