<?xml version="1.0" encoding="UTF-8"?>
<!-- Generated by org.testng.reporters.JUnitReportReporter -->
<testsuite skipped="0" hostname="DESKTOP-CLU213B" name="lestersquare.RestApiTest" tests="2" failures="0" timestamp="2020-04-24T15:33:54 NZST" time="0.003" errors="0">
  <testcase name="postJira" time="0.001" classname="lestersquare.RestApiTest"/>
  <system-out/>
  <testcase name="deleteTwitter" time="0.002" classname="lestersquare.RestApiTest"/>
  <system-out/>
</testsuite> <!-- lestersquare.RestApiTest -->
